2023-08-11T09:12:25.994+05:30  INFO 20868 --- [restartedMain] com.gksvp.web.WebApplication             : Starting WebApplication using Java 17.0.7 with PID 20868 (C:\Users\thiru\OneDrive\Documents\GKSVP\Server\Server\web\target\classes started by thiru in C:\Users\thiru\OneDrive\Documents\GKSVP\Server\Server\web)
2023-08-11T09:12:25.994+05:30 DEBUG 20868 --- [restartedMain] com.gksvp.web.WebApplication             : Running with Spring Boot v3.1.2, Spring v6.0.11
2023-08-11T09:12:25.994+05:30  INFO 20868 --- [restartedMain] com.gksvp.web.WebApplication             : No active profile set, falling back to 1 default profile: "default"
2023-08-11T09:12:26.190+05:30  INFO 20868 --- [restartedMain] .s.d.r.c.RepositoryConfigurationDelegate : Bootstrapping Spring Data JPA repositories in DEFAULT mode.
2023-08-11T09:12:26.213+05:30  INFO 20868 --- [restartedMain] .s.d.r.c.RepositoryConfigurationDelegate : Finished Spring Data repository scanning in 17 ms. Found 3 JPA repository interfaces.
2023-08-11T09:12:26.293+05:30  INFO 20868 --- [restartedMain] o.s.b.w.embedded.tomcat.TomcatWebServer  : Tomcat initialized with port(s): 8080 (http)
2023-08-11T09:12:26.294+05:30  INFO 20868 --- [restartedMain] o.apache.catalina.core.StandardService   : Starting service [Tomcat]
2023-08-11T09:12:26.294+05:30  INFO 20868 --- [restartedMain] o.apache.catalina.core.StandardEngine    : Starting Servlet engine: [Apache Tomcat/10.1.11]
2023-08-11T09:12:26.311+05:30  INFO 20868 --- [restartedMain] o.a.c.c.C.[Tomcat-1].[localhost].[/]     : Initializing Spring embedded WebApplicationContext
2023-08-11T09:12:26.311+05:30  INFO 20868 --- [restartedMain] w.s.c.ServletWebServerApplicationContext : Root WebApplicationContext: initialization completed in 315 ms
2023-08-11T09:12:26.377+05:30  INFO 20868 --- [restartedMain] o.hibernate.jpa.internal.util.LogHelper  : HHH000204: Processing PersistenceUnitInfo [name: default]
2023-08-11T09:12:26.382+05:30  INFO 20868 --- [restartedMain] o.h.b.i.BytecodeProviderInitiator        : HHH000021: Bytecode provider name : bytebuddy
2023-08-11T09:12:26.382+05:30  INFO 20868 --- [restartedMain] o.s.o.j.p.SpringPersistenceUnitInfo      : No LoadTimeWeaver setup: ignoring JPA class transformer
2023-08-11T09:12:26.383+05:30  INFO 20868 --- [restartedMain] com.zaxxer.hikari.HikariDataSource       : HikariPool-27 - Starting...
2023-08-11T09:12:26.391+05:30  INFO 20868 --- [restartedMain] com.zaxxer.hikari.pool.HikariPool        : HikariPool-27 - Added connection com.mysql.cj.jdbc.ConnectionImpl@155d459d
2023-08-11T09:12:26.391+05:30  INFO 20868 --- [restartedMain] com.zaxxer.hikari.HikariDataSource       : HikariPool-27 - Start completed.
2023-08-11T09:12:26.438+05:30  INFO 20868 --- [restartedMain] o.h.b.i.BytecodeProviderInitiator        : HHH000021: Bytecode provider name : bytebuddy
2023-08-11T09:12:26.481+05:30  INFO 20868 --- [restartedMain] o.h.e.t.j.p.i.JtaPlatformInitiator       : HHH000490: Using JtaPlatform implementation: [org.hibernate.engine.transaction.jta.platform.internal.NoJtaPlatform]
2023-08-11T09:12:26.664+05:30  INFO 20868 --- [restartedMain] j.LocalContainerEntityManagerFactoryBean : Initialized JPA EntityManagerFactory for persistence unit 'default'
2023-08-11T09:12:27.812+05:30 DEBUG 20868 --- [restartedMain] c.gksvp.web.Security.JwtRequestFilter    : Filter 'jwtRequestFilter' configured for use
2023-08-11T09:12:27.829+05:30  WARN 20868 --- [restartedMain] JpaBaseConfiguration$JpaWebConfiguration : spring.jpa.open-in-view is enabled by default. Therefore, database queries may be performed during view rendering. Explicitly configure spring.jpa.open-in-view to disable this warning
2023-08-11T09:12:27.835+05:30  INFO 20868 --- [restartedMain] o.s.s.web.DefaultSecurityFilterChain     : Will secure any request with [org.springframework.security.web.session.DisableEncodeUrlFilter@2c4addcb, org.springframework.security.web.context.request.async.WebAsyncManagerIntegrationFilter@63aea5b, org.springframework.security.web.context.SecurityContextHolderFilter@534351c5, org.springframework.security.web.header.HeaderWriterFilter@576f4ce0, org.springframework.security.web.csrf.CsrfFilter@5a60e932, org.springframework.security.web.authentication.logout.LogoutFilter@7383bd4c, org.springframework.security.web.authentication.www.BasicAuthenticationFilter@42cd6103, org.springframework.security.web.savedrequest.RequestCacheAwareFilter@e370be6, org.springframework.security.web.servletapi.SecurityContextHolderAwareRequestFilter@172248f8, org.springframework.security.web.authentication.AnonymousAuthenticationFilter@2e063b63, org.springframework.security.web.access.ExceptionTranslationFilter@7a7c7e16, org.springframework.security.web.access.intercept.AuthorizationFilter@40bd153a]
2023-08-11T09:12:27.895+05:30  INFO 20868 --- [restartedMain] o.s.b.a.e.web.EndpointLinksResolver      : Exposing 1 endpoint(s) beneath base path '/actuator'
2023-08-11T09:12:27.898+05:30  WARN 20868 --- [restartedMain] o.s.s.c.a.web.builders.WebSecurity       : You are asking Spring Security to ignore Mvc [pattern='/register']. This is not recommended -- please use permitAll via HttpSecurity#authorizeHttpRequests instead.
2023-08-11T09:12:27.898+05:30  INFO 20868 --- [restartedMain] o.s.s.web.DefaultSecurityFilterChain     : Will not secure Mvc [pattern='/register']
2023-08-11T09:12:27.898+05:30  WARN 20868 --- [restartedMain] o.s.s.c.a.web.builders.WebSecurity       : You are asking Spring Security to ignore Mvc [pattern='/authenticate']. This is not recommended -- please use permitAll via HttpSecurity#authorizeHttpRequests instead.
2023-08-11T09:12:27.899+05:30  INFO 20868 --- [restartedMain] o.s.s.web.DefaultSecurityFilterChain     : Will not secure Mvc [pattern='/authenticate']
2023-08-11T09:12:27.899+05:30  WARN 20868 --- [restartedMain] o.s.s.c.a.web.builders.WebSecurity       : You are asking Spring Security to ignore Mvc [pattern='/roles']. This is not recommended -- please use permitAll via HttpSecurity#authorizeHttpRequests instead.
2023-08-11T09:12:27.899+05:30  INFO 20868 --- [restartedMain] o.s.s.web.DefaultSecurityFilterChain     : Will not secure Mvc [pattern='/roles']
2023-08-11T09:12:27.900+05:30  WARN 20868 --- [restartedMain] o.s.s.c.a.web.builders.WebSecurity       : You are asking Spring Security to ignore Mvc [pattern='/groups']. This is not recommended -- please use permitAll via HttpSecurity#authorizeHttpRequests instead.
2023-08-11T09:12:27.900+05:30  INFO 20868 --- [restartedMain] o.s.s.web.DefaultSecurityFilterChain     : Will not secure Mvc [pattern='/groups']
2023-08-11T09:12:27.900+05:30  WARN 20868 --- [restartedMain] o.s.s.c.a.web.builders.WebSecurity       : You are asking Spring Security to ignore Mvc [pattern='/**']. This is not recommended -- please use permitAll via HttpSecurity#authorizeHttpRequests instead.
2023-08-11T09:12:27.900+05:30  INFO 20868 --- [restartedMain] o.s.s.web.DefaultSecurityFilterChain     : Will not secure Mvc [pattern='/**']
2023-08-11T09:12:28.034+05:30  INFO 20868 --- [restartedMain] o.s.b.d.a.OptionalLiveReloadServer       : LiveReload server is running on port 35729
2023-08-11T09:12:28.042+05:30  INFO 20868 --- [restartedMain] o.s.b.w.embedded.tomcat.TomcatWebServer  : Tomcat started on port(s): 8080 (http) with context path ''
2023-08-11T09:12:28.047+05:30  INFO 20868 --- [restartedMain] com.gksvp.web.WebApplication             : Started WebApplication in 2.079 seconds (process running for 1622.606)
2023-08-11T09:12:28.048+05:30  INFO 20868 --- [restartedMain] .ConditionEvaluationDeltaLoggingListener : Condition evaluation unchanged
2023-08-11T10:09:52.037+05:30  INFO 14492 --- [restartedMain] com.gksvp.web.WebApplication             : Starting WebApplication using Java 17.0.7 with PID 14492 (C:\Users\thiru\OneDrive\Documents\GKSVP\Server\Server\web\target\classes started by thiru in C:\Users\thiru\OneDrive\Documents\GKSVP\Server\Server\web)
2023-08-11T10:09:52.042+05:30 DEBUG 14492 --- [restartedMain] com.gksvp.web.WebApplication             : Running with Spring Boot v3.1.2, Spring v6.0.11
2023-08-11T10:09:52.044+05:30  INFO 14492 --- [restartedMain] com.gksvp.web.WebApplication             : No active profile set, falling back to 1 default profile: "default"
2023-08-11T10:09:52.215+05:30  INFO 14492 --- [restartedMain] .e.DevToolsPropertyDefaultsPostProcessor : Devtools property defaults active! Set 'spring.devtools.add-properties' to 'false' to disable
2023-08-11T10:09:52.216+05:30  INFO 14492 --- [restartedMain] .e.DevToolsPropertyDefaultsPostProcessor : For additional web related logging consider setting the 'logging.level.web' property to 'DEBUG'
2023-08-11T10:09:54.306+05:30  INFO 14492 --- [restartedMain] .s.d.r.c.RepositoryConfigurationDelegate : Bootstrapping Spring Data JPA repositories in DEFAULT mode.
2023-08-11T10:09:54.475+05:30  INFO 14492 --- [restartedMain] .s.d.r.c.RepositoryConfigurationDelegate : Finished Spring Data repository scanning in 148 ms. Found 3 JPA repository interfaces.
2023-08-11T10:09:56.324+05:30  INFO 14492 --- [restartedMain] o.s.b.w.embedded.tomcat.TomcatWebServer  : Tomcat initialized with port(s): 8080 (http)
2023-08-11T10:09:56.347+05:30  INFO 14492 --- [restartedMain] o.apache.catalina.core.StandardService   : Starting service [Tomcat]
2023-08-11T10:09:56.351+05:30  INFO 14492 --- [restartedMain] o.apache.catalina.core.StandardEngine    : Starting Servlet engine: [Apache Tomcat/10.1.11]
2023-08-11T10:09:56.515+05:30  INFO 14492 --- [restartedMain] o.a.c.c.C.[Tomcat].[localhost].[/]       : Initializing Spring embedded WebApplicationContext
2023-08-11T10:09:56.516+05:30  INFO 14492 --- [restartedMain] w.s.c.ServletWebServerApplicationContext : Root WebApplicationContext: initialization completed in 4299 ms
2023-08-11T10:09:57.116+05:30  INFO 14492 --- [restartedMain] o.hibernate.jpa.internal.util.LogHelper  : HHH000204: Processing PersistenceUnitInfo [name: default]
2023-08-11T10:09:57.245+05:30  INFO 14492 --- [restartedMain] org.hibernate.Version                    : HHH000412: Hibernate ORM core version 6.2.6.Final
2023-08-11T10:09:57.253+05:30  INFO 14492 --- [restartedMain] org.hibernate.cfg.Environment            : HHH000406: Using bytecode reflection optimizer
2023-08-11T10:09:57.571+05:30  INFO 14492 --- [restartedMain] o.h.b.i.BytecodeProviderInitiator        : HHH000021: Bytecode provider name : bytebuddy
2023-08-11T10:09:57.886+05:30  INFO 14492 --- [restartedMain] o.s.o.j.p.SpringPersistenceUnitInfo      : No LoadTimeWeaver setup: ignoring JPA class transformer
2023-08-11T10:09:57.940+05:30  INFO 14492 --- [restartedMain] com.zaxxer.hikari.HikariDataSource       : HikariPool-1 - Starting...
2023-08-11T10:09:58.530+05:30  INFO 14492 --- [restartedMain] com.zaxxer.hikari.pool.HikariPool        : HikariPool-1 - Added connection com.mysql.cj.jdbc.ConnectionImpl@69a179cd
2023-08-11T10:09:58.538+05:30  INFO 14492 --- [restartedMain] com.zaxxer.hikari.HikariDataSource       : HikariPool-1 - Start completed.
2023-08-11T10:09:59.429+05:30  INFO 14492 --- [restartedMain] o.h.b.i.BytecodeProviderInitiator        : HHH000021: Bytecode provider name : bytebuddy
2023-08-11T10:10:00.949+05:30  INFO 14492 --- [restartedMain] o.h.e.t.j.p.i.JtaPlatformInitiator       : HHH000490: Using JtaPlatform implementation: [org.hibernate.engine.transaction.jta.platform.internal.NoJtaPlatform]
2023-08-11T10:10:01.334+05:30  INFO 14492 --- [restartedMain] j.LocalContainerEntityManagerFactoryBean : Initialized JPA EntityManagerFactory for persistence unit 'default'
2023-08-11T10:10:01.965+05:30  INFO 14492 --- [restartedMain] o.s.d.j.r.query.QueryEnhancerFactory     : Hibernate is in classpath; If applicable, HQL parser will be used.
2023-08-11T10:10:04.371+05:30 DEBUG 14492 --- [restartedMain] c.gksvp.web.Security.JwtRequestFilter    : Filter 'jwtRequestFilter' configured for use
2023-08-11T10:10:04.573+05:30  WARN 14492 --- [restartedMain] JpaBaseConfiguration$JpaWebConfiguration : spring.jpa.open-in-view is enabled by default. Therefore, database queries may be performed during view rendering. Explicitly configure spring.jpa.open-in-view to disable this warning
2023-08-11T10:10:04.810+05:30  INFO 14492 --- [restartedMain] o.s.s.web.DefaultSecurityFilterChain     : Will secure any request with [org.springframework.security.web.session.DisableEncodeUrlFilter@64b6359a, org.springframework.security.web.context.request.async.WebAsyncManagerIntegrationFilter@3b52b2a7, org.springframework.security.web.context.SecurityContextHolderFilter@6ba1d92, org.springframework.security.web.header.HeaderWriterFilter@500028ba, org.springframework.security.web.csrf.CsrfFilter@5ea25272, org.springframework.security.web.authentication.logout.LogoutFilter@2e5c7eb8, org.springframework.security.web.authentication.www.BasicAuthenticationFilter@47b681b, org.springframework.security.web.savedrequest.RequestCacheAwareFilter@4b1e19fb, org.springframework.security.web.servletapi.SecurityContextHolderAwareRequestFilter@5964589e, org.springframework.security.web.authentication.AnonymousAuthenticationFilter@62ae9986, org.springframework.security.web.access.ExceptionTranslationFilter@7a70d97a, org.springframework.security.web.access.intercept.AuthorizationFilter@315db12]
2023-08-11T10:10:05.502+05:30  INFO 14492 --- [restartedMain] o.s.b.a.e.web.EndpointLinksResolver      : Exposing 1 endpoint(s) beneath base path '/actuator'
2023-08-11T10:10:05.547+05:30  WARN 14492 --- [restartedMain] o.s.s.c.a.web.builders.WebSecurity       : You are asking Spring Security to ignore Mvc [pattern='/register']. This is not recommended -- please use permitAll via HttpSecurity#authorizeHttpRequests instead.
2023-08-11T10:10:05.549+05:30  INFO 14492 --- [restartedMain] o.s.s.web.DefaultSecurityFilterChain     : Will not secure Mvc [pattern='/register']
2023-08-11T10:10:05.553+05:30  WARN 14492 --- [restartedMain] o.s.s.c.a.web.builders.WebSecurity       : You are asking Spring Security to ignore Mvc [pattern='/authenticate']. This is not recommended -- please use permitAll via HttpSecurity#authorizeHttpRequests instead.
2023-08-11T10:10:05.558+05:30  INFO 14492 --- [restartedMain] o.s.s.web.DefaultSecurityFilterChain     : Will not secure Mvc [pattern='/authenticate']
2023-08-11T10:10:05.560+05:30  WARN 14492 --- [restartedMain] o.s.s.c.a.web.builders.WebSecurity       : You are asking Spring Security to ignore Mvc [pattern='/roles']. This is not recommended -- please use permitAll via HttpSecurity#authorizeHttpRequests instead.
2023-08-11T10:10:05.566+05:30  INFO 14492 --- [restartedMain] o.s.s.web.DefaultSecurityFilterChain     : Will not secure Mvc [pattern='/roles']
2023-08-11T10:10:05.575+05:30  WARN 14492 --- [restartedMain] o.s.s.c.a.web.builders.WebSecurity       : You are asking Spring Security to ignore Mvc [pattern='/groups']. This is not recommended -- please use permitAll via HttpSecurity#authorizeHttpRequests instead.
2023-08-11T10:10:05.578+05:30  INFO 14492 --- [restartedMain] o.s.s.web.DefaultSecurityFilterChain     : Will not secure Mvc [pattern='/groups']
2023-08-11T10:10:05.579+05:30  WARN 14492 --- [restartedMain] o.s.s.c.a.web.builders.WebSecurity       : You are asking Spring Security to ignore Mvc [pattern='/**']. This is not recommended -- please use permitAll via HttpSecurity#authorizeHttpRequests instead.
2023-08-11T10:10:05.580+05:30  INFO 14492 --- [restartedMain] o.s.s.web.DefaultSecurityFilterChain     : Will not secure Mvc [pattern='/**']
2023-08-11T10:10:06.729+05:30  INFO 14492 --- [restartedMain] o.s.b.d.a.OptionalLiveReloadServer       : LiveReload server is running on port 35729
2023-08-11T10:10:06.954+05:30  INFO 14492 --- [restartedMain] o.s.b.w.embedded.tomcat.TomcatWebServer  : Tomcat started on port(s): 8080 (http) with context path ''
2023-08-11T10:10:07.007+05:30  INFO 14492 --- [RMI TCP Connection(1)-127.0.0.1] o.a.c.c.C.[Tomcat].[localhost].[/]       : Initializing Spring DispatcherServlet 'dispatcherServlet'
2023-08-11T10:10:07.007+05:30  INFO 14492 --- [restartedMain] com.gksvp.web.WebApplication             : Started WebApplication in 15.695 seconds (process running for 16.658)
2023-08-11T10:10:07.010+05:30  INFO 14492 --- [RMI TCP Connection(1)-127.0.0.1] o.s.web.servlet.DispatcherServlet        : Initializing Servlet 'dispatcherServlet'
2023-08-11T10:10:07.014+05:30  INFO 14492 --- [RMI TCP Connection(1)-127.0.0.1] o.s.web.servlet.DispatcherServlet        : Completed initialization in 4 ms
2023-08-11T10:27:40.822+05:30  INFO 14492 --- [File Watcher] rtingClassPathChangeChangedEventListener : Restarting due to 1 class path change (0 additions, 0 deletions, 1 modification)
2023-08-11T10:27:40.840+05:30  INFO 14492 --- [Thread-5] o.apache.catalina.core.StandardService   : Stopping service [Tomcat]
2023-08-11T10:27:40.843+05:30  INFO 14492 --- [Thread-5] o.a.c.c.C.[Tomcat].[localhost].[/]       : Destroying Spring FrameworkServlet 'dispatcherServlet'
2023-08-11T10:27:40.847+05:30  WARN 14492 --- [Thread-5] o.a.c.loader.WebappClassLoaderBase       : The web application [ROOT] appears to have started a thread named [HikariPool-1 housekeeper] but has failed to stop it. This is very likely to create a memory leak. Stack trace of thread:
 java.base@17.0.7/jdk.internal.misc.Unsafe.park(Native Method)
 java.base@17.0.7/java.util.concurrent.locks.LockSupport.parkNanos(Unknown Source)
 java.base@17.0.7/java.util.concurrent.locks.AbstractQueuedSynchronizer$ConditionObject.awaitNanos(Unknown Source)
 java.base@17.0.7/java.util.concurrent.ScheduledThreadPoolExecutor$DelayedWorkQueue.take(Unknown Source)
 java.base@17.0.7/java.util.concurrent.ScheduledThreadPoolExecutor$DelayedWorkQueue.take(Unknown Source)
 java.base@17.0.7/java.util.concurrent.ThreadPoolExecutor.getTask(Unknown Source)
 java.base@17.0.7/java.util.concurrent.ThreadPoolExecutor.runWorker(Unknown Source)
 java.base@17.0.7/java.util.concurrent.ThreadPoolExecutor$Worker.run(Unknown Source)
 java.base@17.0.7/java.lang.Thread.run(Unknown Source)
2023-08-11T10:27:40.863+05:30  INFO 14492 --- [Thread-5] j.LocalContainerEntityManagerFactoryBean : Closing JPA EntityManagerFactory for persistence unit 'default'
2023-08-11T10:27:40.869+05:30  INFO 14492 --- [Thread-5] com.zaxxer.hikari.HikariDataSource       : HikariPool-1 - Shutdown initiated...
2023-08-11T10:27:40.885+05:30  INFO 14492 --- [Thread-5] com.zaxxer.hikari.HikariDataSource       : HikariPool-1 - Shutdown completed.
2023-08-11T10:27:41.000+05:30  INFO 14492 --- [restartedMain] com.gksvp.web.WebApplication             : Starting WebApplication using Java 17.0.7 with PID 14492 (C:\Users\thiru\OneDrive\Documents\GKSVP\Server\Server\web\target\classes started by thiru in C:\Users\thiru\OneDrive\Documents\GKSVP\Server\Server\web)
2023-08-11T10:27:41.001+05:30 DEBUG 14492 --- [restartedMain] com.gksvp.web.WebApplication             : Running with Spring Boot v3.1.2, Spring v6.0.11
2023-08-11T10:27:41.002+05:30  INFO 14492 --- [restartedMain] com.gksvp.web.WebApplication             : No active profile set, falling back to 1 default profile: "default"
2023-08-11T10:27:41.632+05:30  INFO 14492 --- [restartedMain] .s.d.r.c.RepositoryConfigurationDelegate : Bootstrapping Spring Data JPA repositories in DEFAULT mode.
2023-08-11T10:27:41.676+05:30  INFO 14492 --- [restartedMain] .s.d.r.c.RepositoryConfigurationDelegate : Finished Spring Data repository scanning in 43 ms. Found 3 JPA repository interfaces.
2023-08-11T10:27:41.802+05:30  INFO 14492 --- [restartedMain] o.s.b.w.embedded.tomcat.TomcatWebServer  : Tomcat initialized with port(s): 8080 (http)
2023-08-11T10:27:41.802+05:30  INFO 14492 --- [restartedMain] o.apache.catalina.core.StandardService   : Starting service [Tomcat]
2023-08-11T10:27:41.802+05:30  INFO 14492 --- [restartedMain] o.apache.catalina.core.StandardEngine    : Starting Servlet engine: [Apache Tomcat/10.1.11]
2023-08-11T10:27:41.834+05:30  INFO 14492 --- [restartedMain] o.a.c.c.C.[Tomcat].[localhost].[/]       : Initializing Spring embedded WebApplicationContext
2023-08-11T10:27:41.835+05:30  INFO 14492 --- [restartedMain] w.s.c.ServletWebServerApplicationContext : Root WebApplicationContext: initialization completed in 827 ms
2023-08-11T10:27:41.902+05:30  INFO 14492 --- [restartedMain] o.hibernate.jpa.internal.util.LogHelper  : HHH000204: Processing PersistenceUnitInfo [name: default]
2023-08-11T10:27:41.925+05:30  INFO 14492 --- [restartedMain] o.h.b.i.BytecodeProviderInitiator        : HHH000021: Bytecode provider name : bytebuddy
2023-08-11T10:27:41.925+05:30  INFO 14492 --- [restartedMain] o.s.o.j.p.SpringPersistenceUnitInfo      : No LoadTimeWeaver setup: ignoring JPA class transformer
2023-08-11T10:27:41.927+05:30  INFO 14492 --- [restartedMain] com.zaxxer.hikari.HikariDataSource       : HikariPool-2 - Starting...
2023-08-11T10:27:41.940+05:30  INFO 14492 --- [restartedMain] com.zaxxer.hikari.pool.HikariPool        : HikariPool-2 - Added connection com.mysql.cj.jdbc.ConnectionImpl@2d0c6225
2023-08-11T10:27:41.940+05:30  INFO 14492 --- [restartedMain] com.zaxxer.hikari.HikariDataSource       : HikariPool-2 - Start completed.
2023-08-11T10:27:42.024+05:30  INFO 14492 --- [restartedMain] o.h.b.i.BytecodeProviderInitiator        : HHH000021: Bytecode provider name : bytebuddy
2023-08-11T10:27:42.140+05:30  INFO 14492 --- [restartedMain] o.h.e.t.j.p.i.JtaPlatformInitiator       : HHH000490: Using JtaPlatform implementation: [org.hibernate.engine.transaction.jta.platform.internal.NoJtaPlatform]
2023-08-11T10:27:42.373+05:30  INFO 14492 --- [restartedMain] j.LocalContainerEntityManagerFactoryBean : Initialized JPA EntityManagerFactory for persistence unit 'default'
2023-08-11T10:27:43.034+05:30 DEBUG 14492 --- [restartedMain] c.gksvp.web.Security.JwtRequestFilter    : Filter 'jwtRequestFilter' configured for use
2023-08-11T10:27:43.053+05:30  WARN 14492 --- [restartedMain] JpaBaseConfiguration$JpaWebConfiguration : spring.jpa.open-in-view is enabled by default. Therefore, database queries may be performed during view rendering. Explicitly configure spring.jpa.open-in-view to disable this warning
2023-08-11T10:27:43.078+05:30  INFO 14492 --- [restartedMain] o.s.s.web.DefaultSecurityFilterChain     : Will secure any request with [org.springframework.security.web.session.DisableEncodeUrlFilter@14b40f72, org.springframework.security.web.context.request.async.WebAsyncManagerIntegrationFilter@165abcea, org.springframework.security.web.context.SecurityContextHolderFilter@1d9f82e9, org.springframework.security.web.header.HeaderWriterFilter@b089304, org.springframework.security.web.csrf.CsrfFilter@4e6a3fc6, org.springframework.security.web.authentication.logout.LogoutFilter@32201196, org.springframework.security.web.authentication.www.BasicAuthenticationFilter@262a0680, org.springframework.security.web.savedrequest.RequestCacheAwareFilter@2940a93, org.springframework.security.web.servletapi.SecurityContextHolderAwareRequestFilter@1c1679f9, org.springframework.security.web.authentication.AnonymousAuthenticationFilter@80cc115, org.springframework.security.web.access.ExceptionTranslationFilter@c2257d7, org.springframework.security.web.access.intercept.AuthorizationFilter@3f343f93]
2023-08-11T10:27:43.203+05:30  INFO 14492 --- [restartedMain] o.s.b.a.e.web.EndpointLinksResolver      : Exposing 1 endpoint(s) beneath base path '/actuator'
2023-08-11T10:27:43.203+05:30  WARN 14492 --- [restartedMain] o.s.s.c.a.web.builders.WebSecurity       : You are asking Spring Security to ignore Mvc [pattern='/register']. This is not recommended -- please use permitAll via HttpSecurity#authorizeHttpRequests instead.
2023-08-11T10:27:43.203+05:30  INFO 14492 --- [restartedMain] o.s.s.web.DefaultSecurityFilterChain     : Will not secure Mvc [pattern='/register']
2023-08-11T10:27:43.203+05:30  WARN 14492 --- [restartedMain] o.s.s.c.a.web.builders.WebSecurity       : You are asking Spring Security to ignore Mvc [pattern='/authenticate']. This is not recommended -- please use permitAll via HttpSecurity#authorizeHttpRequests instead.
2023-08-11T10:27:43.203+05:30  INFO 14492 --- [restartedMain] o.s.s.web.DefaultSecurityFilterChain     : Will not secure Mvc [pattern='/authenticate']
2023-08-11T10:27:43.203+05:30  WARN 14492 --- [restartedMain] o.s.s.c.a.web.builders.WebSecurity       : You are asking Spring Security to ignore Mvc [pattern='/roles']. This is not recommended -- please use permitAll via HttpSecurity#authorizeHttpRequests instead.
2023-08-11T10:27:43.203+05:30  INFO 14492 --- [restartedMain] o.s.s.web.DefaultSecurityFilterChain     : Will not secure Mvc [pattern='/roles']
2023-08-11T10:27:43.203+05:30  WARN 14492 --- [restartedMain] o.s.s.c.a.web.builders.WebSecurity       : You are asking Spring Security to ignore Mvc [pattern='/groups']. This is not recommended -- please use permitAll via HttpSecurity#authorizeHttpRequests instead.
2023-08-11T10:27:43.203+05:30  INFO 14492 --- [restartedMain] o.s.s.web.DefaultSecurityFilterChain     : Will not secure Mvc [pattern='/groups']
2023-08-11T10:27:43.203+05:30  WARN 14492 --- [restartedMain] o.s.s.c.a.web.builders.WebSecurity       : You are asking Spring Security to ignore Mvc [pattern='/**']. This is not recommended -- please use permitAll via HttpSecurity#authorizeHttpRequests instead.
2023-08-11T10:27:43.219+05:30  INFO 14492 --- [restartedMain] o.s.s.web.DefaultSecurityFilterChain     : Will not secure Mvc [pattern='/**']
2023-08-11T10:27:43.353+05:30  INFO 14492 --- [restartedMain] o.s.b.d.a.OptionalLiveReloadServer       : LiveReload server is running on port 35729
2023-08-11T10:27:43.380+05:30  INFO 14492 --- [restartedMain] o.s.b.w.embedded.tomcat.TomcatWebServer  : Tomcat started on port(s): 8080 (http) with context path ''
2023-08-11T10:27:43.388+05:30  INFO 14492 --- [restartedMain] com.gksvp.web.WebApplication             : Started WebApplication in 2.423 seconds (process running for 1073.038)
2023-08-11T10:27:43.391+05:30  INFO 14492 --- [restartedMain] .ConditionEvaluationDeltaLoggingListener : Condition evaluation unchanged
2023-08-11T10:27:48.909+05:30  INFO 14492 --- [File Watcher] rtingClassPathChangeChangedEventListener : Restarting due to 1 class path change (0 additions, 0 deletions, 1 modification)
2023-08-11T10:27:48.909+05:30  INFO 14492 --- [Thread-7] o.apache.catalina.core.StandardService   : Stopping service [Tomcat]
2023-08-11T10:27:48.927+05:30  WARN 14492 --- [Thread-7] o.a.c.loader.WebappClassLoaderBase       : The web application [ROOT] appears to have started a thread named [HikariPool-2 housekeeper] but has failed to stop it. This is very likely to create a memory leak. Stack trace of thread:
 java.base@17.0.7/jdk.internal.misc.Unsafe.park(Native Method)
 java.base@17.0.7/java.util.concurrent.locks.LockSupport.parkNanos(Unknown Source)
 java.base@17.0.7/java.util.concurrent.locks.AbstractQueuedSynchronizer$ConditionObject.awaitNanos(Unknown Source)
 java.base@17.0.7/java.util.concurrent.ScheduledThreadPoolExecutor$DelayedWorkQueue.take(Unknown Source)
 java.base@17.0.7/java.util.concurrent.ScheduledThreadPoolExecutor$DelayedWorkQueue.take(Unknown Source)
 java.base@17.0.7/java.util.concurrent.ThreadPoolExecutor.getTask(Unknown Source)
 java.base@17.0.7/java.util.concurrent.ThreadPoolExecutor.runWorker(Unknown Source)
 java.base@17.0.7/java.util.concurrent.ThreadPoolExecutor$Worker.run(Unknown Source)
 java.base@17.0.7/java.lang.Thread.run(Unknown Source)
2023-08-11T10:27:48.936+05:30  INFO 14492 --- [Thread-7] j.LocalContainerEntityManagerFactoryBean : Closing JPA EntityManagerFactory for persistence unit 'default'
2023-08-11T10:27:48.938+05:30  INFO 14492 --- [Thread-7] com.zaxxer.hikari.HikariDataSource       : HikariPool-2 - Shutdown initiated...
2023-08-11T10:27:48.945+05:30  INFO 14492 --- [Thread-7] com.zaxxer.hikari.HikariDataSource       : HikariPool-2 - Shutdown completed.
2023-08-11T10:27:49.040+05:30  INFO 14492 --- [restartedMain] com.gksvp.web.WebApplication             : Starting WebApplication using Java 17.0.7 with PID 14492 (C:\Users\thiru\OneDrive\Documents\GKSVP\Server\Server\web\target\classes started by thiru in C:\Users\thiru\OneDrive\Documents\GKSVP\Server\Server\web)
2023-08-11T10:27:49.040+05:30 DEBUG 14492 --- [restartedMain] com.gksvp.web.WebApplication             : Running with Spring Boot v3.1.2, Spring v6.0.11
2023-08-11T10:27:49.041+05:30  INFO 14492 --- [restartedMain] com.gksvp.web.WebApplication             : No active profile set, falling back to 1 default profile: "default"
2023-08-11T10:27:49.528+05:30  INFO 14492 --- [restartedMain] .s.d.r.c.RepositoryConfigurationDelegate : Bootstrapping Spring Data JPA repositories in DEFAULT mode.
2023-08-11T10:27:49.565+05:30  INFO 14492 --- [restartedMain] .s.d.r.c.RepositoryConfigurationDelegate : Finished Spring Data repository scanning in 36 ms. Found 3 JPA repository interfaces.
2023-08-11T10:27:49.696+05:30  INFO 14492 --- [restartedMain] o.s.b.w.embedded.tomcat.TomcatWebServer  : Tomcat initialized with port(s): 8080 (http)
2023-08-11T10:27:49.697+05:30  INFO 14492 --- [restartedMain] o.apache.catalina.core.StandardService   : Starting service [Tomcat]
2023-08-11T10:27:49.697+05:30  INFO 14492 --- [restartedMain] o.apache.catalina.core.StandardEngine    : Starting Servlet engine: [Apache Tomcat/10.1.11]
2023-08-11T10:27:49.719+05:30  INFO 14492 --- [restartedMain] o.a.c.c.C.[Tomcat].[localhost].[/]       : Initializing Spring embedded WebApplicationContext
2023-08-11T10:27:49.720+05:30  INFO 14492 --- [restartedMain] w.s.c.ServletWebServerApplicationContext : Root WebApplicationContext: initialization completed in 674 ms
2023-08-11T10:27:49.779+05:30  INFO 14492 --- [restartedMain] o.hibernate.jpa.internal.util.LogHelper  : HHH000204: Processing PersistenceUnitInfo [name: default]
2023-08-11T10:27:49.786+05:30  INFO 14492 --- [restartedMain] o.h.b.i.BytecodeProviderInitiator        : HHH000021: Bytecode provider name : bytebuddy
2023-08-11T10:27:49.787+05:30  INFO 14492 --- [restartedMain] o.s.o.j.p.SpringPersistenceUnitInfo      : No LoadTimeWeaver setup: ignoring JPA class transformer
2023-08-11T10:27:49.788+05:30  INFO 14492 --- [restartedMain] com.zaxxer.hikari.HikariDataSource       : HikariPool-3 - Starting...
2023-08-11T10:27:49.799+05:30  INFO 14492 --- [restartedMain] com.zaxxer.hikari.pool.HikariPool        : HikariPool-3 - Added connection com.mysql.cj.jdbc.ConnectionImpl@3beb2e5a
2023-08-11T10:27:49.800+05:30  INFO 14492 --- [restartedMain] com.zaxxer.hikari.HikariDataSource       : HikariPool-3 - Start completed.
2023-08-11T10:27:49.860+05:30  INFO 14492 --- [restartedMain] o.h.b.i.BytecodeProviderInitiator        : HHH000021: Bytecode provider name : bytebuddy
2023-08-11T10:27:49.983+05:30  INFO 14492 --- [restartedMain] o.h.e.t.j.p.i.JtaPlatformInitiator       : HHH000490: Using JtaPlatform implementation: [org.hibernate.engine.transaction.jta.platform.internal.NoJtaPlatform]
2023-08-11T10:27:50.190+05:30  INFO 14492 --- [restartedMain] j.LocalContainerEntityManagerFactoryBean : Initialized JPA EntityManagerFactory for persistence unit 'default'
2023-08-11T10:27:51.382+05:30 DEBUG 14492 --- [restartedMain] c.gksvp.web.Security.JwtRequestFilter    : Filter 'jwtRequestFilter' configured for use
2023-08-11T10:27:51.419+05:30  WARN 14492 --- [restartedMain] JpaBaseConfiguration$JpaWebConfiguration : spring.jpa.open-in-view is enabled by default. Therefore, database queries may be performed during view rendering. Explicitly configure spring.jpa.open-in-view to disable this warning
2023-08-11T10:27:51.428+05:30  INFO 14492 --- [restartedMain] o.s.s.web.DefaultSecurityFilterChain     : Will secure any request with [org.springframework.security.web.session.DisableEncodeUrlFilter@472c3cd4, org.springframework.security.web.context.request.async.WebAsyncManagerIntegrationFilter@62c34b31, org.springframework.security.web.context.SecurityContextHolderFilter@318ad49c, org.springframework.security.web.header.HeaderWriterFilter@3963477d, org.springframework.security.web.csrf.CsrfFilter@50715894, org.springframework.security.web.authentication.logout.LogoutFilter@7aff8e2c, org.springframework.security.web.authentication.www.BasicAuthenticationFilter@41245432, org.springframework.security.web.savedrequest.RequestCacheAwareFilter@6be59fc1, org.springframework.security.web.servletapi.SecurityContextHolderAwareRequestFilter@3ecd6739, org.springframework.security.web.authentication.AnonymousAuthenticationFilter@18b33487, org.springframework.security.web.access.ExceptionTranslationFilter@1a39f89c, org.springframework.security.web.access.intercept.AuthorizationFilter@68824117]
2023-08-11T10:27:51.531+05:30  INFO 14492 --- [restartedMain] o.s.b.a.e.web.EndpointLinksResolver      : Exposing 1 endpoint(s) beneath base path '/actuator'
2023-08-11T10:27:51.534+05:30  WARN 14492 --- [restartedMain] o.s.s.c.a.web.builders.WebSecurity       : You are asking Spring Security to ignore Mvc [pattern='/register']. This is not recommended -- please use permitAll via HttpSecurity#authorizeHttpRequests instead.
2023-08-11T10:27:51.535+05:30  INFO 14492 --- [restartedMain] o.s.s.web.DefaultSecurityFilterChain     : Will not secure Mvc [pattern='/register']
2023-08-11T10:27:51.535+05:30  WARN 14492 --- [restartedMain] o.s.s.c.a.web.builders.WebSecurity       : You are asking Spring Security to ignore Mvc [pattern='/authenticate']. This is not recommended -- please use permitAll via HttpSecurity#authorizeHttpRequests instead.
2023-08-11T10:27:51.536+05:30  INFO 14492 --- [restartedMain] o.s.s.web.DefaultSecurityFilterChain     : Will not secure Mvc [pattern='/authenticate']
2023-08-11T10:27:51.536+05:30  WARN 14492 --- [restartedMain] o.s.s.c.a.web.builders.WebSecurity       : You are asking Spring Security to ignore Mvc [pattern='/roles']. This is not recommended -- please use permitAll via HttpSecurity#authorizeHttpRequests instead.
2023-08-11T10:27:51.536+05:30  INFO 14492 --- [restartedMain] o.s.s.web.DefaultSecurityFilterChain     : Will not secure Mvc [pattern='/roles']
2023-08-11T10:27:51.536+05:30  WARN 14492 --- [restartedMain] o.s.s.c.a.web.builders.WebSecurity       : You are asking Spring Security to ignore Mvc [pattern='/groups']. This is not recommended -- please use permitAll via HttpSecurity#authorizeHttpRequests instead.
2023-08-11T10:27:51.537+05:30  INFO 14492 --- [restartedMain] o.s.s.web.DefaultSecurityFilterChain     : Will not secure Mvc [pattern='/groups']
2023-08-11T10:27:51.537+05:30  WARN 14492 --- [restartedMain] o.s.s.c.a.web.builders.WebSecurity       : You are asking Spring Security to ignore Mvc [pattern='/**']. This is not recommended -- please use permitAll via HttpSecurity#authorizeHttpRequests instead.
2023-08-11T10:27:51.537+05:30  INFO 14492 --- [restartedMain] o.s.s.web.DefaultSecurityFilterChain     : Will not secure Mvc [pattern='/**']
2023-08-11T10:27:51.656+05:30  INFO 14492 --- [restartedMain] o.s.b.d.a.OptionalLiveReloadServer       : LiveReload server is running on port 35729
2023-08-11T10:27:51.675+05:30  INFO 14492 --- [restartedMain] o.s.b.w.embedded.tomcat.TomcatWebServer  : Tomcat started on port(s): 8080 (http) with context path ''
2023-08-11T10:27:51.683+05:30  INFO 14492 --- [restartedMain] com.gksvp.web.WebApplication             : Started WebApplication in 2.678 seconds (process running for 1081.334)
2023-08-11T10:27:51.686+05:30  INFO 14492 --- [restartedMain] .ConditionEvaluationDeltaLoggingListener : Condition evaluation unchanged
2023-08-11T10:28:00.751+05:30  INFO 14492 --- [File Watcher] rtingClassPathChangeChangedEventListener : Restarting due to 1 class path change (0 additions, 0 deletions, 1 modification)
2023-08-11T10:28:00.765+05:30  INFO 14492 --- [Thread-11] o.apache.catalina.core.StandardService   : Stopping service [Tomcat]
2023-08-11T10:28:00.768+05:30  WARN 14492 --- [Thread-11] o.a.c.loader.WebappClassLoaderBase       : The web application [ROOT] appears to have started a thread named [HikariPool-3 housekeeper] but has failed to stop it. This is very likely to create a memory leak. Stack trace of thread:
 java.base@17.0.7/jdk.internal.misc.Unsafe.park(Native Method)
 java.base@17.0.7/java.util.concurrent.locks.LockSupport.parkNanos(Unknown Source)
 java.base@17.0.7/java.util.concurrent.locks.AbstractQueuedSynchronizer$ConditionObject.awaitNanos(Unknown Source)
 java.base@17.0.7/java.util.concurrent.ScheduledThreadPoolExecutor$DelayedWorkQueue.take(Unknown Source)
 java.base@17.0.7/java.util.concurrent.ScheduledThreadPoolExecutor$DelayedWorkQueue.take(Unknown Source)
 java.base@17.0.7/java.util.concurrent.ThreadPoolExecutor.getTask(Unknown Source)
 java.base@17.0.7/java.util.concurrent.ThreadPoolExecutor.runWorker(Unknown Source)
 java.base@17.0.7/java.util.concurrent.ThreadPoolExecutor$Worker.run(Unknown Source)
 java.base@17.0.7/java.lang.Thread.run(Unknown Source)
2023-08-11T10:28:00.778+05:30  INFO 14492 --- [Thread-11] j.LocalContainerEntityManagerFactoryBean : Closing JPA EntityManagerFactory for persistence unit 'default'
2023-08-11T10:28:00.781+05:30  INFO 14492 --- [Thread-11] com.zaxxer.hikari.HikariDataSource       : HikariPool-3 - Shutdown initiated...
2023-08-11T10:28:00.788+05:30  INFO 14492 --- [Thread-11] com.zaxxer.hikari.HikariDataSource       : HikariPool-3 - Shutdown completed.
2023-08-11T10:28:00.905+05:30  INFO 14492 --- [restartedMain] com.gksvp.web.WebApplication             : Starting WebApplication using Java 17.0.7 with PID 14492 (C:\Users\thiru\OneDrive\Documents\GKSVP\Server\Server\web\target\classes started by thiru in C:\Users\thiru\OneDrive\Documents\GKSVP\Server\Server\web)
2023-08-11T10:28:00.908+05:30 DEBUG 14492 --- [restartedMain] com.gksvp.web.WebApplication             : Running with Spring Boot v3.1.2, Spring v6.0.11
2023-08-11T10:28:00.909+05:30  INFO 14492 --- [restartedMain] com.gksvp.web.WebApplication             : No active profile set, falling back to 1 default profile: "default"
2023-08-11T10:28:01.331+05:30  INFO 14492 --- [restartedMain] .s.d.r.c.RepositoryConfigurationDelegate : Bootstrapping Spring Data JPA repositories in DEFAULT mode.
2023-08-11T10:28:01.365+05:30  INFO 14492 --- [restartedMain] .s.d.r.c.RepositoryConfigurationDelegate : Finished Spring Data repository scanning in 33 ms. Found 3 JPA repository interfaces.
2023-08-11T10:28:01.481+05:30  INFO 14492 --- [restartedMain] o.s.b.w.embedded.tomcat.TomcatWebServer  : Tomcat initialized with port(s): 8080 (http)
2023-08-11T10:28:01.482+05:30  INFO 14492 --- [restartedMain] o.apache.catalina.core.StandardService   : Starting service [Tomcat]
2023-08-11T10:28:01.482+05:30  INFO 14492 --- [restartedMain] o.apache.catalina.core.StandardEngine    : Starting Servlet engine: [Apache Tomcat/10.1.11]
2023-08-11T10:28:01.502+05:30  INFO 14492 --- [restartedMain] o.a.c.c.C.[Tomcat].[localhost].[/]       : Initializing Spring embedded WebApplicationContext
2023-08-11T10:28:01.503+05:30  INFO 14492 --- [restartedMain] w.s.c.ServletWebServerApplicationContext : Root WebApplicationContext: initialization completed in 590 ms
2023-08-11T10:28:01.579+05:30  INFO 14492 --- [restartedMain] o.hibernate.jpa.internal.util.LogHelper  : HHH000204: Processing PersistenceUnitInfo [name: default]
2023-08-11T10:28:01.586+05:30  INFO 14492 --- [restartedMain] o.h.b.i.BytecodeProviderInitiator        : HHH000021: Bytecode provider name : bytebuddy
2023-08-11T10:28:01.587+05:30  INFO 14492 --- [restartedMain] o.s.o.j.p.SpringPersistenceUnitInfo      : No LoadTimeWeaver setup: ignoring JPA class transformer
2023-08-11T10:28:01.589+05:30  INFO 14492 --- [restartedMain] com.zaxxer.hikari.HikariDataSource       : HikariPool-4 - Starting...
2023-08-11T10:28:01.605+05:30  INFO 14492 --- [restartedMain] com.zaxxer.hikari.pool.HikariPool        : HikariPool-4 - Added connection com.mysql.cj.jdbc.ConnectionImpl@27b95296
2023-08-11T10:28:01.605+05:30  INFO 14492 --- [restartedMain] com.zaxxer.hikari.HikariDataSource       : HikariPool-4 - Start completed.
2023-08-11T10:28:01.684+05:30  INFO 14492 --- [restartedMain] o.h.b.i.BytecodeProviderInitiator        : HHH000021: Bytecode provider name : bytebuddy
2023-08-11T10:28:01.775+05:30  INFO 14492 --- [restartedMain] o.h.e.t.j.p.i.JtaPlatformInitiator       : HHH000490: Using JtaPlatform implementation: [org.hibernate.engine.transaction.jta.platform.internal.NoJtaPlatform]
2023-08-11T10:28:01.996+05:30  INFO 14492 --- [restartedMain] j.LocalContainerEntityManagerFactoryBean : Initialized JPA EntityManagerFactory for persistence unit 'default'
2023-08-11T10:28:03.188+05:30 DEBUG 14492 --- [restartedMain] c.gksvp.web.Security.JwtRequestFilter    : Filter 'jwtRequestFilter' configured for use
2023-08-11T10:28:03.217+05:30  WARN 14492 --- [restartedMain] JpaBaseConfiguration$JpaWebConfiguration : spring.jpa.open-in-view is enabled by default. Therefore, database queries may be performed during view rendering. Explicitly configure spring.jpa.open-in-view to disable this warning
2023-08-11T10:28:03.229+05:30  INFO 14492 --- [restartedMain] o.s.s.web.DefaultSecurityFilterChain     : Will secure any request with [org.springframework.security.web.session.DisableEncodeUrlFilter@62bc9def, org.springframework.security.web.context.request.async.WebAsyncManagerIntegrationFilter@774b9274, org.springframework.security.web.context.SecurityContextHolderFilter@127113cd, org.springframework.security.web.header.HeaderWriterFilter@e46cbbb, org.springframework.security.web.csrf.CsrfFilter@3975f8d2, org.springframework.security.web.authentication.logout.LogoutFilter@6f0c13e7, org.springframework.security.web.authentication.www.BasicAuthenticationFilter@6d203887, org.springframework.security.web.savedrequest.RequestCacheAwareFilter@454ca39, org.springframework.security.web.servletapi.SecurityContextHolderAwareRequestFilter@4dda98ed, org.springframework.security.web.authentication.AnonymousAuthenticationFilter@5ca31acd, org.springframework.security.web.access.ExceptionTranslationFilter@27addd5b, org.springframework.security.web.access.intercept.AuthorizationFilter@54affd85]
2023-08-11T10:28:03.412+05:30  INFO 14492 --- [restartedMain] o.s.b.a.e.web.EndpointLinksResolver      : Exposing 1 endpoint(s) beneath base path '/actuator'
2023-08-11T10:28:03.418+05:30  WARN 14492 --- [restartedMain] o.s.s.c.a.web.builders.WebSecurity       : You are asking Spring Security to ignore Mvc [pattern='/register']. This is not recommended -- please use permitAll via HttpSecurity#authorizeHttpRequests instead.
2023-08-11T10:28:03.419+05:30  INFO 14492 --- [restartedMain] o.s.s.web.DefaultSecurityFilterChain     : Will not secure Mvc [pattern='/register']
2023-08-11T10:28:03.420+05:30  WARN 14492 --- [restartedMain] o.s.s.c.a.web.builders.WebSecurity       : You are asking Spring Security to ignore Mvc [pattern='/authenticate']. This is not recommended -- please use permitAll via HttpSecurity#authorizeHttpRequests instead.
2023-08-11T10:28:03.422+05:30  INFO 14492 --- [restartedMain] o.s.s.web.DefaultSecurityFilterChain     : Will not secure Mvc [pattern='/authenticate']
2023-08-11T10:28:03.422+05:30  WARN 14492 --- [restartedMain] o.s.s.c.a.web.builders.WebSecurity       : You are asking Spring Security to ignore Mvc [pattern='/roles']. This is not recommended -- please use permitAll via HttpSecurity#authorizeHttpRequests instead.
2023-08-11T10:28:03.423+05:30  INFO 14492 --- [restartedMain] o.s.s.web.DefaultSecurityFilterChain     : Will not secure Mvc [pattern='/roles']
2023-08-11T10:28:03.424+05:30  WARN 14492 --- [restartedMain] o.s.s.c.a.web.builders.WebSecurity       : You are asking Spring Security to ignore Mvc [pattern='/groups']. This is not recommended -- please use permitAll via HttpSecurity#authorizeHttpRequests instead.
2023-08-11T10:28:03.425+05:30  INFO 14492 --- [restartedMain] o.s.s.web.DefaultSecurityFilterChain     : Will not secure Mvc [pattern='/groups']
2023-08-11T10:28:03.425+05:30  WARN 14492 --- [restartedMain] o.s.s.c.a.web.builders.WebSecurity       : You are asking Spring Security to ignore Mvc [pattern='/**']. This is not recommended -- please use permitAll via HttpSecurity#authorizeHttpRequests instead.
2023-08-11T10:28:03.425+05:30  INFO 14492 --- [restartedMain] o.s.s.web.DefaultSecurityFilterChain     : Will not secure Mvc [pattern='/**']
2023-08-11T10:28:03.664+05:30  INFO 14492 --- [restartedMain] o.s.b.d.a.OptionalLiveReloadServer       : LiveReload server is running on port 35729
2023-08-11T10:28:03.682+05:30  INFO 14492 --- [restartedMain] o.s.b.w.embedded.tomcat.TomcatWebServer  : Tomcat started on port(s): 8080 (http) with context path ''
2023-08-11T10:28:03.688+05:30  INFO 14492 --- [restartedMain] com.gksvp.web.WebApplication             : Started WebApplication in 2.82 seconds (process running for 1093.338)
2023-08-11T10:28:03.689+05:30  INFO 14492 --- [restartedMain] .ConditionEvaluationDeltaLoggingListener : Condition evaluation unchanged
